<?xml version="1.0" encoding="UTF-8"?>
<!-- Generated by org.testng.reporters.JUnitReportReporter -->
<testsuite hostname="AsusShubham" failures="0" tests="1" name="practicegitpackage.Flipkartweb" time="23.074" errors="0" timestamp="2023-08-02T19:41:20 IST" skipped="0">
  <testcase classname="practicegitpackage.Flipkartweb" name="flipkartweb" time="23.074"/>
  <system-out/>
</testsuite> <!-- practicegitpackage.Flipkartweb -->
